# JRE version: OpenJDK Runtime Environment (8.0_202-b03) (build 1.8.0_202-release-1483-b03)
# Java VM: OpenJDK 64-Bit Server VM (25.202-b03 mixed mode windows-amd64 compressed oops)
Heap:
 PSYoungGen      total 75776K, used 22827K [0x00000000e0000000, 0x00000000e6c00000, 0x0000000100000000)
  eden space 65024K, 23% used [0x00000000e0000000,0x00000000e0ec18c0,0x00000000e3f80000)
  from space 10752K, 71% used [0x00000000e4a00000,0x00000000e5189480,0x00000000e5480000)
  to   space 10752K, 0% used [0x00000000e3f80000,0x00000000e3f80000,0x00000000e4a00000)
 ParOldGen       total 116736K, used 11090K [0x00000000a0000000, 0x00000000a7200000, 0x00000000e0000000)
  object space 116736K, 9% used [0x00000000a0000000,0x00000000a0ad4be0,0x00000000a7200000)
 Metaspace       used 29255K, capacity 29742K, committed 30080K, reserved 1075200K
  class space    used 3943K, capacity 4113K, committed 4224K, reserved 1048576K
GC Heap History (10 events):
Event: 6.508 GC heap before
{Heap before GC invocations=1 (full 0):
 PSYoungGen      total 75776K, used 65024K [0x00000000e0000000, 0x00000000e5480000, 0x0000000100000000)
  eden space 65024K, 100% used [0x00000000e0000000,0x00000000e3f80000,0x00000000e3f80000)
  from space 10752K, 0% used [0x00000000e4a00000,0x00000000e4a00000,0x00000000e5480000)
  to   space 10752K, 0% used [0x00000000e3f80000,0x00000000e3f80000,0x00000000e4a00000)
 ParOldGen       total 173568K, used 0K [0x00000000a0000000, 0x00000000aa980000, 0x00000000e0000000)
  object space 173568K, 0% used [0x00000000a0000000,0x00000000a0000000,0x00000000aa980000)
 Metaspace       used 8532K, capacity 8806K, committed 8960K, reserved 1056768K
  class space    used 1098K, capacity 1173K, committed 1280K, reserved 1048576K
Event: 6.522 GC heap after
Heap after GC invocations=1 (full 0):
 PSYoungGen      total 75776K, used 6607K [0x00000000e0000000, 0x00000000e5480000, 0x0000000100000000)
  eden space 65024K, 0% used [0x00000000e0000000,0x00000000e0000000,0x00000000e3f80000)
  from space 10752K, 61% used [0x00000000e3f80000,0x00000000e45f3de8,0x00000000e4a00000)
  to   space 10752K, 0% used [0x00000000e4a00000,0x00000000e4a00000,0x00000000e5480000)
 ParOldGen       total 173568K, used 16K [0x00000000a0000000, 0x00000000aa980000, 0x00000000e0000000)
  object space 173568K, 0% used [0x00000000a0000000,0x00000000a0004000,0x00000000aa980000)
 Metaspace       used 8532K, capacity 8806K, committed 8960K, reserved 1056768K
  class space    used 1098K, capacity 1173K, committed 1280K, reserved 1048576K
}
Event: 9.275 GC heap before
{Heap before GC invocations=2 (full 0):
 PSYoungGen      total 75776K, used 71631K [0x00000000e0000000, 0x00000000e5480000, 0x0000000100000000)
  eden space 65024K, 100% used [0x00000000e0000000,0x00000000e3f80000,0x00000000e3f80000)
  from space 10752K, 61% used [0x00000000e3f80000,0x00000000e45f3de8,0x00000000e4a00000)
  to   space 10752K, 0% used [0x00000000e4a00000,0x00000000e4a00000,0x00000000e5480000)
 ParOldGen       total 173568K, used 16K [0x00000000a0000000, 0x00000000aa980000, 0x00000000e0000000)
  object space 173568K, 0% used [0x00000000a0000000,0x00000000a0004000,0x00000000aa980000)
 Metaspace       used 15328K, capacity 15728K, committed 16000K, reserved 1062912K
  class space    used 2181K, capacity 2318K, committed 2432K, reserved 1048576K
Event: 9.299 GC heap after
Heap after GC invocations=2 (full 0):
 PSYoungGen      total 75776K, used 10063K [0x00000000e0000000, 0x00000000e5480000, 0x0000000100000000)
  eden space 65024K, 0% used [0x00000000e0000000,0x00000000e0000000,0x00000000e3f80000)
  from space 10752K, 93% used [0x00000000e4a00000,0x00000000e53d3db8,0x00000000e5480000)
  to   space 10752K, 0% used [0x00000000e3f80000,0x00000000e3f80000,0x00000000e4a00000)
 ParOldGen       total 173568K, used 24K [0x00000000a0000000, 0x00000000aa980000, 0x00000000e0000000)
  object space 173568K, 0% used [0x00000000a0000000,0x00000000a0006000,0x00000000aa980000)
 Metaspace       used 15328K, capacity 15728K, committed 16000K, reserved 1062912K
  class space    used 2181K, capacity 2318K, committed 2432K, reserved 1048576K
}
Event: 11.020 GC heap before
{Heap before GC invocations=3 (full 0):
 PSYoungGen      total 75776K, used 62047K [0x00000000e0000000, 0x00000000e5480000, 0x0000000100000000)
  eden space 65024K, 79% used [0x00000000e0000000,0x00000000e32c4018,0x00000000e3f80000)
  from space 10752K, 93% used [0x00000000e4a00000,0x00000000e53d3db8,0x00000000e5480000)
  to   space 10752K, 0% used [0x00000000e3f80000,0x00000000e3f80000,0x00000000e4a00000)
 ParOldGen       total 173568K, used 24K [0x00000000a0000000, 0x00000000aa980000, 0x00000000e0000000)
  object space 173568K, 0% used [0x00000000a0000000,0x00000000a0006000,0x00000000aa980000)
 Metaspace       used 20746K, capacity 21116K, committed 21248K, reserved 1067008K
  class space    used 2915K, capacity 3062K, committed 3072K, reserved 1048576K
Event: 11.038 GC heap after
Heap after GC invocations=3 (full 0):
 PSYoungGen      total 75776K, used 10746K [0x00000000e0000000, 0x00000000e5480000, 0x0000000100000000)
  eden space 65024K, 0% used [0x00000000e0000000,0x00000000e0000000,0x00000000e3f80000)
  from space 10752K, 99% used [0x00000000e3f80000,0x00000000e49feb58,0x00000000e4a00000)
  to   space 10752K, 0% used [0x00000000e4a00000,0x00000000e4a00000,0x00000000e5480000)
 ParOldGen       total 173568K, used 764K [0x00000000a0000000, 0x00000000aa980000, 0x00000000e0000000)
  object space 173568K, 0% used [0x00000000a0000000,0x00000000a00bf000,0x00000000aa980000)
 Metaspace       used 20746K, capacity 21116K, committed 21248K, reserved 1067008K
  class space    used 2915K, capacity 3062K, committed 3072K, reserved 1048576K
}
Event: 11.038 GC heap before
{Heap before GC invocations=4 (full 1):
 PSYoungGen      total 75776K, used 10746K [0x00000000e0000000, 0x00000000e5480000, 0x0000000100000000)
  eden space 65024K, 0% used [0x00000000e0000000,0x00000000e0000000,0x00000000e3f80000)
  from space 10752K, 99% used [0x00000000e3f80000,0x00000000e49feb58,0x00000000e4a00000)
  to   space 10752K, 0% used [0x00000000e4a00000,0x00000000e4a00000,0x00000000e5480000)
 ParOldGen       total 173568K, used 764K [0x00000000a0000000, 0x00000000aa980000, 0x00000000e0000000)
  object space 173568K, 0% used [0x00000000a0000000,0x00000000a00bf000,0x00000000aa980000)
 Metaspace       used 20746K, capacity 21116K, committed 21248K, reserved 1067008K
  class space    used 2915K, capacity 3062K, committed 3072K, reserved 1048576K
Event: 11.158 GC heap after
Heap after GC invocations=4 (full 1):
 PSYoungGen      total 75776K, used 0K [0x00000000e0000000, 0x00000000e5480000, 0x0000000100000000)
  eden space 65024K, 0% used [0x00000000e0000000,0x00000000e0000000,0x00000000e3f80000)
  from space 10752K, 0% used [0x00000000e3f80000,0x00000000e3f80000,0x00000000e4a00000)
  to   space 10752K, 0% used [0x00000000e4a00000,0x00000000e4a00000,0x00000000e5480000)
 ParOldGen       total 116736K, used 11082K [0x00000000a0000000, 0x00000000a7200000, 0x00000000e0000000)
  object space 116736K, 9% used [0x00000000a0000000,0x00000000a0ad2be0,0x00000000a7200000)
 Metaspace       used 20746K, capacity 21116K, committed 21248K, reserved 1067008K
  class space    used 2915K, capacity 3062K, committed 3072K, reserved 1048576K
}
Event: 14.061 GC heap before
{Heap before GC invocations=5 (full 1):
 PSYoungGen      total 75776K, used 65024K [0x00000000e0000000, 0x00000000e5480000, 0x0000000100000000)
  eden space 65024K, 100% used [0x00000000e0000000,0x00000000e3f80000,0x00000000e3f80000)
  from space 10752K, 0% used [0x00000000e3f80000,0x00000000e3f80000,0x00000000e4a00000)
  to   space 10752K, 0% used [0x00000000e4a00000,0x00000000e4a00000,0x00000000e5480000)
 ParOldGen       total 116736K, used 11082K [0x00000000a0000000, 0x00000000a7200000, 0x00000000e0000000)
  object space 116736K, 9% used [0x00000000a0000000,0x00000000a0ad2be0,0x00000000a7200000)
 Metaspace       used 28598K, capacity 29052K, committed 29440K, reserved 1075200K
  class space    used 3853K, capacity 4011K, committed 4096K, reserved 1048576K
Event: 14.074 GC heap after
Heap after GC invocations=5 (full 1):
 PSYoungGen      total 75776K, used 7717K [0x00000000e0000000, 0x00000000e6c00000, 0x0000000100000000)
  eden space 65024K, 0% used [0x00000000e0000000,0x00000000e0000000,0x00000000e3f80000)
  from space 10752K, 71% used [0x00000000e4a00000,0x00000000e5189480,0x00000000e5480000)
  to   space 10752K, 0% used [0x00000000e3f80000,0x00000000e3f80000,0x00000000e4a00000)
 ParOldGen       total 116736K, used 11090K [0x00000000a0000000, 0x00000000a7200000, 0x00000000e0000000)
  object space 116736K, 9% used [0x00000000a0000000,0x00000000a0ad4be0,0x00000000a7200000)
 Metaspace       used 28598K, capacity 29052K, committed 29440K, reserved 1075200K
  class space    used 3853K, capacity 4011K, committed 4096K, reserved 1048576K
}

